-----------Start Measuring----------
-----------Start Measuring----------
have send 1000
chukuai 2562047h47m16.854775807s
chukuai 2562047h47m16.854775807s
chukuai 102.062979ms
coin is  10000000000000000000000000 <nil>
send crosschain tx
chukuai 892.487876ms
-------------------------------------2-----------------------------------------------
⛓  371 th Block Mind! txs(208), total txs(208), TPS(233.06), pendig txs(0),latency(0ms)
chukuai 1.009992506s
coin is  10000000000000000000000000 <nil>
send crosschain tx
chukuai 1.012359801s
chukuai 1.232933884s
-------------------------------------2-----------------------------------------------
⛓  372 th Block Mind! txs(246), total txs(454), TPS(213.60), pendig txs(0),latency(0ms)
coin is  10000000000000000000000000 <nil>
send crosschain tx
chukuai 1.017211889s
coin is  10000000000000000000000000 <nil>
send crosschain tx
chukuai 1.214585033s
-------------------------------------2-----------------------------------------------
⛓  373 th Block Mind! txs(216), total txs(670), TPS(200.60), pendig txs(0),latency(0ms)
chukuai 1.014956314s
coin is  10000000000000000000000000 <nil>
send crosschain tx
chukuai 1.15560811s
-------------------------------------2-----------------------------------------------
⛓  374 th Block Mind! txs(243), total txs(913), TPS(203.09), pendig txs(0),latency(0ms)
chukuai 1.02370313s
coin is  10000000000000000000000000 <nil>
send crosschain tx
chukuai 1.20948446s
-------------------------------------2-----------------------------------------------
⛓  375 th Block Mind! txs(225), total txs(1138), TPS(199.47), pendig txs(0),latency(0ms)
chukuai 1.01553067s
coin is  10000000000000000000000000 <nil>
send crosschain tx
coin is  10000000000000000000000000 <nil>
send crosschain tx
chukuai 1.20144987s
-------------------------------------2-----------------------------------------------
⛓  376 th Block Mind! txs(237), total txs(1375), TPS(199.09), pendig txs(0),latency(0ms)
chukuai 1.014420349s
coin is  10000000000000000000000000 <nil>
send crosschain tx
chukuai 1.228826008s
-------------------------------------2-----------------------------------------------
⛓  377 th Block Mind! txs(228), total txs(1603), TPS(197.04), pendig txs(0),latency(0ms)
chukuai 1.009501599s
coin is  10000000000000000000000000 <nil>
send crosschain tx
already send  10
chukuai 1.017929997s
chukuai 1.216021431s
-------------------------------------2-----------------------------------------------
⛓  378 th Block Mind! txs(254), total txs(1857), TPS(198.58), pendig txs(0),latency(0ms)
coin is  10000000000000000000000000 <nil>
send crosschain tx
chukuai 1.012801009s
coin is  10000000000000000000000000 <nil>
send crosschain tx
chukuai 1.175495654s
-------------------------------------2-----------------------------------------------
⛓  379 th Block Mind! txs(208), total txs(2065), TPS(196.16), pendig txs(0),latency(0ms)
coin is  10000000000000000000000000 <nil>
send crosschain tx
chukuai 1.01814516s
chukuai 1.208501682s
-------------------------------------2-----------------------------------------------
⛓  380 th Block Mind! txs(240), total txs(2305), TPS(196.41), pendig txs(0),latency(0ms)
coin is  10000000000000000000000000 <nil>
send crosschain tx
chukuai 1.013795083s
coin is  10000000000000000000000000 <nil>
send crosschain tx
chukuai 1.216303594s
-------------------------------------2-----------------------------------------------
⛓  381 th Block Mind! txs(216), total txs(2521), TPS(194.65), pendig txs(0),latency(0ms)
chukuai 1.01666984s
coin is  10000000000000000000000000 <nil>
send crosschain tx
chukuai 1.230932192s
-------------------------------------2-----------------------------------------------
⛓  382 th Block Mind! txs(252), total txs(2773), TPS(195.52), pendig txs(0),latency(0ms)
chukuai 1.010332816s
coin is  10000000000000000000000000 <nil>
send crosschain tx
coin is  10000000000000000000000000 <nil>
send crosschain tx
chukuai 1.013693846s
chukuai 1.187921692s
-------------------------------------2-----------------------------------------------
⛓  383 th Block Mind! txs(233), total txs(3006), TPS(195.57), pendig txs(0),latency(0ms)
coin is  10000000000000000000000000 <nil>
send crosschain tx
chukuai 1.016262505s
chukuai 1.204616585s
-------------------------------------2-----------------------------------------------
⛓  384 th Block Mind! txs(234), total txs(3240), TPS(195.47), pendig txs(0),latency(0ms)
coin is  10000000000000000000000000 <nil>
send crosschain tx
already send  20
chukuai 1.007808105s
coin is  10000000000000000000000000 <nil>
send crosschain tx
chukuai 1.218894294s
-------------------------------------2-----------------------------------------------
⛓  385 th Block Mind! txs(215), total txs(3455), TPS(194.17), pendig txs(0),latency(0ms)
chukuai 1.017546129s
coin is  10000000000000000000000000 <nil>
send crosschain tx
chukuai 1.220336388s
-------------------------------------2-----------------------------------------------
⛓  386 th Block Mind! txs(240), total txs(3695), TPS(194.33), pendig txs(0),latency(0ms)
chukuai 1.013572595s
coin is  10000000000000000000000000 <nil>
send crosschain tx
chukuai 1.183698565s
-------------------------------------2-----------------------------------------------
⛓  387 th Block Mind! txs(227), total txs(3922), TPS(194.18), pendig txs(0),latency(0ms)
chukuai 1.011606419s
coin is  10000000000000000000000000 <nil>
send crosschain tx
coin is  10000000000000000000000000 <nil>
send crosschain tx
chukuai 1.011871202s
chukuai 1.218688936s
-------------------------------------2-----------------------------------------------
⛓  388 th Block Mind! txs(255), total txs(4177), TPS(195.03), pendig txs(0),latency(0ms)
coin is  10000000000000000000000000 <nil>
send crosschain tx
chukuai 1.007733313s
chukuai 1.227425131s
-------------------------------------2-----------------------------------------------
⛓  389 th Block Mind! txs(216), total txs(4393), TPS(194.00), pendig txs(0),latency(0ms)
coin is  10000000000000000000000000 <nil>
send crosschain tx
chukuai 1.020165923s
chukuai 1.241451061s
-------------------------------------2-----------------------------------------------
⛓  390 th Block Mind! txs(235), total txs(4628), TPS(193.76), pendig txs(0),latency(0ms)
coin is  10000000000000000000000000 <nil>
send crosschain tx
chukuai 1.015422664s
coin is  10000000000000000000000000 <nil>
send crosschain tx
chukuai 1.187448625s
-------------------------------------2-----------------------------------------------
⛓  391 th Block Mind! txs(223), total txs(4851), TPS(193.47), pendig txs(0),latency(0ms)
chukuai 1.01879973s
coin is  10000000000000000000000000 <nil>
send crosschain tx
already send  30
chukuai 1.283033509s
-------------------------------------2-----------------------------------------------
⛓  392 th Block Mind! txs(249), total txs(5100), TPS(193.50), pendig txs(0),latency(0ms)
chukuai 1.013892756s
coin is  10000000000000000000000000 <nil>
send crosschain tx
coin is  10000000000000000000000000 <nil>
send crosschain tx
chukuai 1.016418168s
chukuai 1.166094467s
-------------------------------------2-----------------------------------------------
⛓  393 th Block Mind! txs(221), total txs(5321), TPS(193.33), pendig txs(0),latency(0ms)
coin is  10000000000000000000000000 <nil>
send crosschain tx
chukuai 1.018749143s
chukuai 1.183532213s
-------------------------------------2-----------------------------------------------
⛓  394 th Block Mind! txs(239), total txs(5560), TPS(193.69), pendig txs(0),latency(0ms)
coin is  10000000000000000000000000 <nil>
send crosschain tx
chukuai 1.013692248s
chukuai 1.235402815s
-------------------------------------2-----------------------------------------------
⛓  395 th Block Mind! txs(217), total txs(5777), TPS(192.95), pendig txs(0),latency(0ms)
coin is  10000000000000000000000000 <nil>
send crosschain tx
chukuai 1.017452138s
coin is  10000000000000000000000000 <nil>
send crosschain tx
chukuai 1.201802268s
-------------------------------------2-----------------------------------------------
⛓  396 th Block Mind! txs(242), total txs(6019), TPS(193.27), pendig txs(0),latency(0ms)
chukuai 1.014355417s
coin is  10000000000000000000000000 <nil>
send crosschain tx
chukuai 1.21156471s
-------------------------------------2-----------------------------------------------
⛓  397 th Block Mind! txs(218), total txs(6237), TPS(192.77), pendig txs(0),latency(0ms)
chukuai 1.012379865s
coin is  10000000000000000000000000 <nil>
send crosschain tx
chukuai 1.015019577s
chukuai 1.190972859s
-------------------------------------2-----------------------------------------------
⛓  398 th Block Mind! txs(243), total txs(6480), TPS(193.17), pendig txs(0),latency(0ms)
coin is  10000000000000000000000000 <nil>
send crosschain tx
coin is  10000000000000000000000000 <nil>
send crosschain tx
already send  40
chukuai 1.01690661s
chukuai 1.199836499s
-------------------------------------2-----------------------------------------------
⛓  399 th Block Mind! txs(223), total txs(6703), TPS(192.92), pendig txs(0),latency(0ms)
coin is  10000000000000000000000000 <nil>
send crosschain tx
chukuai 1.013309854s
chukuai 1.202912759s
-------------------------------------2-----------------------------------------------
⛓  400 th Block Mind! txs(248), total txs(6951), TPS(193.36), pendig txs(0),latency(0ms)
coin is  10000000000000000000000000 <nil>
send crosschain tx
chukuai 1.025608914s
coin is  10000000000000000000000000 <nil>
send crosschain tx
chukuai 1.19963277s
-------------------------------------2-----------------------------------------------
⛓  401 th Block Mind! txs(225), total txs(7176), TPS(193.17), pendig txs(0),latency(0ms)
chukuai 1.006328362s
coin is  10000000000000000000000000 <nil>
send crosschain tx
chukuai 1.21449731s
-------------------------------------2-----------------------------------------------
⛓  402 th Block Mind! txs(252), total txs(7428), TPS(193.63), pendig txs(0),latency(0ms)
chukuai 1.020822112s
coin is  10000000000000000000000000 <nil>
send crosschain tx
chukuai 1.220519106s
-------------------------------------2-----------------------------------------------
⛓  403 th Block Mind! txs(205), total txs(7633), TPS(192.84), pendig txs(0),latency(0ms)
chukuai 1.007155803s
coin is  10000000000000000000000000 <nil>
send crosschain tx
coin is  10000000000000000000000000 <nil>
send crosschain tx
chukuai 1.013763902s
chukuai 1.192532995s
-------------------------------------2-----------------------------------------------
⛓  404 th Block Mind! txs(244), total txs(7877), TPS(193.18), pendig txs(0),latency(0ms)
chukuai 1.016587579s
coin is  10000000000000000000000000 <nil>
send crosschain tx
chukuai 1.181972545s
-------------------------------------2-----------------------------------------------
⛓  405 th Block Mind! txs(214), total txs(8091), TPS(192.84), pendig txs(0),latency(0ms)
coin is  10000000000000000000000000 <nil>
send crosschain tx
chukuai 1.014427058s
chukuai 1.206914546s
-------------------------------------2-----------------------------------------------
⛓  406 th Block Mind! txs(268), total txs(8359), TPS(193.66), pendig txs(0),latency(0ms)
coin is  10000000000000000000000000 <nil>
send crosschain tx
already send  50
chukuai 1.015819214s
chukuai 1.19444743s
-------------------------------------2-----------------------------------------------
⛓  407 th Block Mind! txs(210), total txs(8569), TPS(193.17), pendig txs(0),latency(0ms)
coin is  10000000000000000000000000 <nil>
send crosschain tx
chukuai 1.019301147s
coin is  10000000000000000000000000 <nil>
send crosschain tx
chukuai 1.209329802s
-------------------------------------2-----------------------------------------------
⛓  408 th Block Mind! txs(252), total txs(8821), TPS(193.58), pendig txs(0),latency(0ms)
chukuai 1.015836498s
coin is  10000000000000000000000000 <nil>
send crosschain tx
chukuai 1.020072249s
chukuai 1.230237907s
-------------------------------------2-----------------------------------------------
⛓  409 th Block Mind! txs(200), total txs(9021), TPS(192.76), pendig txs(0),latency(0ms)
coin is  10000000000000000000000000 <nil>
send crosschain tx
coin is  10000000000000000000000000 <nil>
send crosschain tx
chukuai 1.016347442s
chukuai 1.204278688s
-------------------------------------2-----------------------------------------------
⛓  410 th Block Mind! txs(272), total txs(9293), TPS(193.59), pendig txs(0),latency(0ms)
coin is  10000000000000000000000000 <nil>
send crosschain tx
chukuai 1.011620451s
chukuai 1.162550928s
-------------------------------------2-----------------------------------------------
⛓  411 th Block Mind! txs(205), total txs(9498), TPS(193.19), pendig txs(0),latency(0ms)
coin is  10000000000000000000000000 <nil>
send crosschain tx
chukuai 1.010573258s
coin is  10000000000000000000000000 <nil>
send crosschain tx
chukuai 1.23059412s
-------------------------------------2-----------------------------------------------
⛓  412 th Block Mind! txs(273), total txs(9771), TPS(193.89), pendig txs(0),latency(0ms)
chukuai 1.01620408s
coin is  10000000000000000000000000 <nil>
send crosschain tx
chukuai 1.184694564s
-------------------------------------2-----------------------------------------------
⛓  413 th Block Mind! txs(198), total txs(9969), TPS(193.27), pendig txs(0),latency(0ms)
chukuai 1.012729862s
coin is  10000000000000000000000000 <nil>
send crosschain tx
already send  60
coin is  10000000000000000000000000 <nil>
send crosschain tx
chukuai 1.013527269s
chukuai 1.260016225s
-------------------------------------2-----------------------------------------------
⛓  414 th Block Mind! txs(264), total txs(10233), TPS(193.66), pendig txs(0),latency(0ms)
chukuai 1.011676435s
coin is  10000000000000000000000000 <nil>
send crosschain tx
chukuai 1.170149966s
-------------------------------------2-----------------------------------------------
⛓  415 th Block Mind! txs(195), total txs(10428), TPS(193.07), pendig txs(0),latency(0ms)
coin is  10000000000000000000000000 <nil>
send crosschain tx
chukuai 1.011196235s
chukuai 1.206339108s
-------------------------------------2-----------------------------------------------
⛓  416 th Block Mind! txs(274), total txs(10702), TPS(193.82), pendig txs(0),latency(0ms)
coin is  10000000000000000000000000 <nil>
send crosschain tx
chukuai 1.017141586s
chukuai 1.181684355s
-------------------------------------2-----------------------------------------------
⛓  417 th Block Mind! txs(202), total txs(10904), TPS(193.34), pendig txs(0),latency(0ms)
coin is  10000000000000000000000000 <nil>
send crosschain tx
chukuai 1.016060794s
coin is  10000000000000000000000000 <nil>
send crosschain tx
chukuai 1.217768891s
-------------------------------------2-----------------------------------------------
⛓  418 th Block Mind! txs(273), total txs(11177), TPS(193.99), pendig txs(0),latency(0ms)
chukuai 1.016058524s
