1669203224.858611 client started (20461): version 3.0a, socket /tmp/tmux-1000/default, protocol 8
1669203224.858635 on Linux 5.10.16.3-microsoft-standard-WSL2 #1 SMP Fri Apr 2 22:23:49 UTC 2021; libevent 2.1.11-stable (poll)
1669203224.858643 socket is /tmp/tmux-1000/default
1669203224.858652 trying connect
1669203224.858694 add peer 0x556975353750: 6 ((nil))
1669203224.858741 sending message 100 to peer 0x556975353750 (4 bytes)
1669203224.858755 sending message 101 to peer 0x556975353750 (15 bytes)
1669203224.858758 sending message 102 to peer 0x556975353750 (12 bytes)
1669203224.858760 sending message 108 to peer 0x556975353750 (41 bytes)
1669203224.858762 sending message 104 to peer 0x556975353750 (0 bytes)
1669203224.858764 sending message 107 to peer 0x556975353750 (4 bytes)
1669203224.858766 sending message 105 to peer 0x556975353750 (8 bytes)
1669203224.858768 sending message 105 to peer 0x556975353750 (8 bytes)
1669203224.858769 sending message 105 to peer 0x556975353750 (14 bytes)
1669203224.858771 sending message 105 to peer 0x556975353750 (48 bytes)
1669203224.858773 sending message 105 to peer 0x556975353750 (28 bytes)
1669203224.858775 sending message 105 to peer 0x556975353750 (11 bytes)
1669203224.858786 sending message 105 to peer 0x556975353750 (32 bytes)
1669203224.858788 sending message 105 to peer 0x556975353750 (21 bytes)
1669203224.858790 sending message 105 to peer 0x556975353750 (16 bytes)
1669203224.858792 sending message 105 to peer 0x556975353750 (20 bytes)
1669203224.858794 sending message 105 to peer 0x556975353750 (1618 bytes)
1669203224.858799 sending message 105 to peer 0x556975353750 (13 bytes)
1669203224.858801 sending message 105 to peer 0x556975353750 (15 bytes)
1669203224.858803 sending message 105 to peer 0x556975353750 (45 bytes)
1669203224.858805 sending message 105 to peer 0x556975353750 (16 bytes)
1669203224.858806 sending message 105 to peer 0x556975353750 (34 bytes)
1669203224.858810 sending message 105 to peer 0x556975353750 (24 bytes)
1669203224.858811 sending message 105 to peer 0x556975353750 (11 bytes)
1669203224.858813 sending message 105 to peer 0x556975353750 (8 bytes)
1669203224.858816 sending message 105 to peer 0x556975353750 (32 bytes)
1669203224.858818 sending message 105 to peer 0x556975353750 (1506 bytes)
1669203224.858820 sending message 105 to peer 0x556975353750 (19 bytes)
1669203224.858822 sending message 105 to peer 0x556975353750 (18 bytes)
1669203224.858824 sending message 105 to peer 0x556975353750 (22 bytes)
1669203224.858825 sending message 105 to peer 0x556975353750 (16 bytes)
1669203224.858827 sending message 105 to peer 0x556975353750 (48 bytes)
1669203224.858829 sending message 105 to peer 0x556975353750 (57 bytes)
1669203224.858831 sending message 105 to peer 0x556975353750 (21 bytes)
1669203224.858832 sending message 105 to peer 0x556975353750 (19 bytes)
1669203224.858834 sending message 105 to peer 0x556975353750 (52 bytes)
1669203224.858836 sending message 105 to peer 0x556975353750 (55 bytes)
1669203224.858837 sending message 105 to peer 0x556975353750 (56 bytes)
1669203224.858839 sending message 105 to peer 0x556975353750 (57 bytes)
1669203224.858840 sending message 105 to peer 0x556975353750 (54 bytes)
1669203224.858842 sending message 105 to peer 0x556975353750 (55 bytes)
1669203224.858844 sending message 105 to peer 0x556975353750 (58 bytes)
1669203224.858845 sending message 105 to peer 0x556975353750 (59 bytes)
1669203224.858847 sending message 105 to peer 0x556975353750 (51 bytes)
1669203224.858848 sending message 105 to peer 0x556975353750 (20 bytes)
1669203224.858850 sending message 105 to peer 0x556975353750 (28 bytes)
1669203224.858852 sending message 105 to peer 0x556975353750 (20 bytes)
1669203224.858853 sending message 105 to peer 0x556975353750 (112 bytes)
1669203224.858855 sending message 105 to peer 0x556975353750 (98 bytes)
1669203224.858857 sending message 105 to peer 0x556975353750 (31 bytes)
1669203224.858858 sending message 105 to peer 0x556975353750 (129 bytes)
1669203224.858860 sending message 105 to peer 0x556975353750 (54 bytes)
1669203224.858865 sending message 105 to peer 0x556975353750 (78 bytes)
1669203224.858867 sending message 105 to peer 0x556975353750 (19 bytes)
1669203224.858869 sending message 105 to peer 0x556975353750 (17 bytes)
1669203224.858871 sending message 105 to peer 0x556975353750 (22 bytes)
1669203224.858872 sending message 106 to peer 0x556975353750 (0 bytes)
1669203224.858874 sending message 200 to peer 0x556975353750 (4 bytes)
1669203224.858876 client loop enter
1669203224.860853 peer 0x556975353750 message 207
1669203224.860884 sending message 208 to peer 0x556975353750 (0 bytes)
1669203226.666715 peer 0x556975353750 message 201
1669203226.666780 sending message 205 to peer 0x556975353750 (0 bytes)
1669203226.667810 peer 0x556975353750 message 204
1669203226.667855 client loop exit
